\BOOKMARK [0][-]{chapter.1}{Introducci\363n}{}% 1
\BOOKMARK [1][-]{section.1.1}{Motivaci\363n}{chapter.1}% 2
\BOOKMARK [2][-]{subsection.1.1.1}{\277Por qu\351 Python?}{section.1.1}% 3
\BOOKMARK [1][-]{section.1.2}{Instalando Python}{chapter.1}% 4
\BOOKMARK [2][-]{subsection.1.2.1}{Windows}{section.1.2}% 5
\BOOKMARK [2][-]{subsection.1.2.2}{GNU/Linux}{section.1.2}% 6
\BOOKMARK [1][-]{section.1.3}{Entornos de programaci\363n}{chapter.1}% 7
\BOOKMARK [2][-]{subsection.1.3.1}{El int\351rprete interactivo}{section.1.3}% 8
\BOOKMARK [2][-]{subsection.1.3.2}{El int\351rprete interactivo mejorado}{section.1.3}% 9
\BOOKMARK [2][-]{subsection.1.3.3}{Entorno integrado de desarrollo \(IDE\)}{section.1.3}% 10
\BOOKMARK [1][-]{section.1.4}{El primer programa ``Adi\363s mundo!''}{chapter.1}% 11
\BOOKMARK [1][-]{section.1.5}{Algoritmos computacionales}{chapter.1}% 12
\BOOKMARK [1][-]{section.1.6}{Elementos de un programa}{chapter.1}% 13
\BOOKMARK [2][-]{subsection.1.6.1}{N\372meros y expresiones}{section.1.6}% 14
\BOOKMARK [2][-]{subsection.1.6.2}{Cadenas de carateres}{section.1.6}% 15
\BOOKMARK [2][-]{subsection.1.6.3}{Variables}{section.1.6}% 16
\BOOKMARK [2][-]{subsection.1.6.4}{Entrada y salida de datos}{section.1.6}% 17
\BOOKMARK [2][-]{subsection.1.6.5}{Operadores relacionales y l\363gicos}{section.1.6}% 18
\BOOKMARK [2][-]{subsection.1.6.6}{Funciones}{section.1.6}% 19
\BOOKMARK [2][-]{subsection.1.6.7}{M\363dulos}{section.1.6}% 20
\BOOKMARK [1][-]{section.1.7}{Ejercicios}{chapter.1}% 21
\BOOKMARK [0][-]{chapter.2}{Estructuras de control}{}% 22
\BOOKMARK [1][-]{section.2.1}{Condicionales}{chapter.2}% 23
\BOOKMARK [2][-]{subsection.2.1.1}{if}{section.2.1}% 24
\BOOKMARK [2][-]{subsection.2.1.2}{else}{section.2.1}% 25
\BOOKMARK [2][-]{subsection.2.1.3}{Estructuras anidadas}{section.2.1}% 26
\BOOKMARK [2][-]{subsection.2.1.4}{elif}{section.2.1}% 27
\BOOKMARK [1][-]{section.2.2}{Repeticiones}{chapter.2}% 28
\BOOKMARK [2][-]{subsection.2.2.1}{while}{section.2.2}% 29
\BOOKMARK [1][-]{section.2.3}{Ejercicios}{chapter.2}% 30
\BOOKMARK [0][-]{chapter.3}{M\341s estructuras de datos y control}{}% 31
\BOOKMARK [1][-]{section.3.1}{Listas}{chapter.3}% 32
\BOOKMARK [1][-]{section.3.2}{for}{chapter.3}% 33
\BOOKMARK [1][-]{section.3.3}{Manipulando textos con strings}{chapter.3}% 34
\BOOKMARK [0][-]{chapter.4}{Funciones, archivos, diccionarios}{}% 35
\BOOKMARK [1][-]{section.4.1}{Definiendo funciones}{chapter.4}% 36
\BOOKMARK [2][-]{subsection.4.1.1}{Variables globales y locales}{section.4.1}% 37
\BOOKMARK [1][-]{section.4.2}{N\372meros aleatorios}{chapter.4}% 38
\BOOKMARK [1][-]{section.4.3}{Lectura y escritura de archivos}{chapter.4}% 39
\BOOKMARK [1][-]{section.4.4}{Diccionarios}{chapter.4}% 40
\BOOKMARK [0][-]{chapter.5}{Clases y objetos}{}% 41
\BOOKMARK [0][-]{chapter.6}{This is a Title}{}% 42
\BOOKMARK [1][-]{section.6.1}{Subject Subtitle}{chapter.6}% 43
\BOOKMARK [1][-]{section.6.2}{Inline Markup}{chapter.6}% 44
\BOOKMARK [0][-]{chapter.7}{Indices and tables}{}% 45
